Traceback (most recent call last):
  File "/home/codespace/.local/lib/python3.12/site-packages/jupyter_core/utils/__init__.py", line 154, in wrapped
    asyncio.get_running_loop()
RuntimeError: no running event loop

During handling of the above exception, another exception occurred:

Traceback (most recent call last):
  File "/home/codespace/.python/current/lib/python3.12/site-packages/jupyter_cache/executors/utils.py", line 58, in single_nb_execution
    executenb(
  File "/home/codespace/.local/lib/python3.12/site-packages/nbclient/client.py", line 1319, in execute
    return NotebookClient(nb=nb, resources=resources, km=km, **kwargs).execute()
           ^^^^^^^^^^^^^^^^^^^^^^^^^^^^^^^^^^^^^^^^^^^^^^^^^^^^^^^^^^^^^^^^^^^^^
  File "/home/codespace/.local/lib/python3.12/site-packages/jupyter_core/utils/__init__.py", line 158, in wrapped
    return loop.run_until_complete(inner)
           ^^^^^^^^^^^^^^^^^^^^^^^^^^^^^^
  File "/home/codespace/.python/current/lib/python3.12/asyncio/base_events.py", line 684, in run_until_complete
    return future.result()
           ^^^^^^^^^^^^^^^
  File "/home/codespace/.local/lib/python3.12/site-packages/nbclient/client.py", line 709, in async_execute
    await self.async_execute_cell(
  File "/home/codespace/.local/lib/python3.12/site-packages/nbclient/client.py", line 1062, in async_execute_cell
    await self._check_raise_for_error(cell, cell_index, exec_reply)
  File "/home/codespace/.local/lib/python3.12/site-packages/nbclient/client.py", line 918, in _check_raise_for_error
    raise CellExecutionError.from_cell_and_msg(cell, exec_reply_content)
nbclient.exceptions.CellExecutionError: An error occurred while executing the following cell:
------------------
import pandas as pd
import statsmodels.api as sm

data_modelo_final = pd.read_csv(DATA_PATH)
data_modelo_final = data_modelo_final[
    ['SalePrice_log', 'Overall Qual', 'Gr Liv Area', 'Garage Cars',
     'Total Bsmt SF', '1st Flr SF', 'Full Bath', 'Year Built',
     'Fireplaces', 'Lot Area']
]

X = data_modelo_final[
    ['Overall Qual', 'Gr Liv Area', 'Garage Cars',
     'Total Bsmt SF', '1st Flr SF', 'Full Bath',
     'Year Built', 'Fireplaces', 'Lot Area']
]
y = data_modelo_final[['SalePrice_log']]

X = sm.add_constant(X)

modelo_final = sm.OLS(y, X)
resultados = modelo_final.fit()

import numpy as np
import matplotlib.pyplot as plt
import seaborn as sns
import statsmodels.stats.api as sms
from statsmodels.stats.outliers_influence import variance_inflation_factor
from scipy import stats

plt.figure(figsize=(6,4))
sns.scatterplot(x=resultados.fittedvalues, y=resultados.resid, alpha=0.6)
plt.axhline(0, color="red", linestyle="--")
plt.title("Linealidad: Residuales vs Fitted")
plt.xlabel("Valores ajustados")
plt.ylabel("Residuales")
plt.show()

sm.qqplot(resultados.resid, line="45", fit=True)
plt.title("Normalidad: QQ-plot de los residuos")
plt.show()
------------------


[31m---------------------------------------------------------------------------[39m
[31mModuleNotFoundError[39m                       Traceback (most recent call last)
[36mCell[39m[36m [39m[32mIn[2][39m[32m, line 2[39m
[32m      1[39m [38;5;28;01mimport[39;00m[38;5;250m [39m[34;01mpandas[39;00m[38;5;250m [39m[38;5;28;01mas[39;00m[38;5;250m [39m[34;01mpd[39;00m
[32m----> [39m[32m2[39m [38;5;28;01mimport[39;00m[38;5;250m [39m[34;01mstatsmodels[39;00m[34;01m.[39;00m[34;01mapi[39;00m[38;5;250m [39m[38;5;28;01mas[39;00m[38;5;250m [39m[34;01msm[39;00m
[32m      4[39m data_modelo_final = pd.read_csv(DATA_PATH)
[32m      5[39m data_modelo_final = data_modelo_final[
[32m      6[39m     [[33m'[39m[33mSalePrice_log[39m[33m'[39m, [33m'[39m[33mOverall Qual[39m[33m'[39m, [33m'[39m[33mGr Liv Area[39m[33m'[39m, [33m'[39m[33mGarage Cars[39m[33m'[39m,
[32m      7[39m      [33m'[39m[33mTotal Bsmt SF[39m[33m'[39m, [33m'[39m[33m1st Flr SF[39m[33m'[39m, [33m'[39m[33mFull Bath[39m[33m'[39m, [33m'[39m[33mYear Built[39m[33m'[39m,
[32m      8[39m      [33m'[39m[33mFireplaces[39m[33m'[39m, [33m'[39m[33mLot Area[39m[33m'[39m]
[32m      9[39m ]

[31mModuleNotFoundError[39m: No module named 'statsmodels'

