Traceback (most recent call last):
  File "/home/codespace/.local/lib/python3.12/site-packages/jupyter_core/utils/__init__.py", line 154, in wrapped
    asyncio.get_running_loop()
RuntimeError: no running event loop

During handling of the above exception, another exception occurred:

Traceback (most recent call last):
  File "/usr/local/python/3.12.1/lib/python3.12/site-packages/jupyter_cache/executors/utils.py", line 58, in single_nb_execution
    executenb(
  File "/home/codespace/.local/lib/python3.12/site-packages/nbclient/client.py", line 1319, in execute
    return NotebookClient(nb=nb, resources=resources, km=km, **kwargs).execute()
           ^^^^^^^^^^^^^^^^^^^^^^^^^^^^^^^^^^^^^^^^^^^^^^^^^^^^^^^^^^^^^^^^^^^^^
  File "/home/codespace/.local/lib/python3.12/site-packages/jupyter_core/utils/__init__.py", line 158, in wrapped
    return loop.run_until_complete(inner)
           ^^^^^^^^^^^^^^^^^^^^^^^^^^^^^^
  File "/usr/local/python/3.12.1/lib/python3.12/asyncio/base_events.py", line 684, in run_until_complete
    return future.result()
           ^^^^^^^^^^^^^^^
  File "/home/codespace/.local/lib/python3.12/site-packages/nbclient/client.py", line 709, in async_execute
    await self.async_execute_cell(
  File "/home/codespace/.local/lib/python3.12/site-packages/nbclient/client.py", line 1062, in async_execute_cell
    await self._check_raise_for_error(cell, cell_index, exec_reply)
  File "/home/codespace/.local/lib/python3.12/site-packages/nbclient/client.py", line 918, in _check_raise_for_error
    raise CellExecutionError.from_cell_and_msg(cell, exec_reply_content)
nbclient.exceptions.CellExecutionError: An error occurred while executing the following cell:
------------------
from sklearn.utils import resample
B = 1000
coef_boot = np.zeros((B, X.shape[1]))

for i in range(B):
    X_resample, y_resample = resample(X, y)
    model_bs = sm.OLS(y_resample, X_resample).fit()
    coef_boot[i, :] = model_bs.params

# Estadísticas bootstrap
coef_mean = coef_boot.mean(axis=0)
coef_se = coef_boot.std(axis=0)
ic_lower = np.percentile(coef_boot, 2.5, axis=0)
ic_upper = np.percentile(coef_boot, 97.5, axis=0)

bootstrap_df = pd.DataFrame({
    'Coef_mean': coef_mean,
    'SE_bootstrap': coef_se,
    'IC_2.5%': ic_lower,
    'IC_97.5%': ic_upper
}, index=X.columns)

bootstrap_df.to_csv('boostrap_df.csv', sep=",", index = False)
bootstrap_df
------------------


[31m---------------------------------------------------------------------------[39m
[31mNameError[39m                                 Traceback (most recent call last)
[36mCell[39m[36m [39m[32mIn[4][39m[32m, line 3[39m
[32m      1[39m [38;5;28;01mfrom[39;00m[38;5;250m [39m[34;01msklearn[39;00m[34;01m.[39;00m[34;01mutils[39;00m[38;5;250m [39m[38;5;28;01mimport[39;00m resample
[32m      2[39m B = [32m1000[39m
[32m----> [39m[32m3[39m coef_boot = [43mnp[49m.zeros((B, X.shape[[32m1[39m]))
[32m      5[39m [38;5;28;01mfor[39;00m i [38;5;129;01min[39;00m [38;5;28mrange[39m(B):
[32m      6[39m     X_resample, y_resample = resample(X, y)

[31mNameError[39m: name 'np' is not defined

